\BOOKMARK [0][-]{chapter.1}{\376\377\004\022\004\062\004\065\004\064\004\065\004\075\004\070\004\065}{}% 1
\BOOKMARK [1][-]{section.1.1}{\376\377\000T\000\040\000T\000a\000u\000r\000i\000\040\004\067\004\062\004\121\004\067\004\064\004\113}{chapter.1}% 2
\BOOKMARK [1][-]{section.1.2}{\376\377\004\030\004\067\004\103\004\107\004\060\004\065\004\074\004\060\004\117\000\040\004\076\004\061\004\073\004\060\004\101\004\102\004\114}{chapter.1}% 3
\BOOKMARK [1][-]{section.1.3}{\376\377\004\034\004\065\004\102\004\076\004\064\000\040\004\077\004\076\004\070\004\101\004\072\004\060}{chapter.1}% 4
\BOOKMARK [1][-]{section.1.4}{\376\377\004\060\004\072\004\102\004\103\004\060\004\073\004\114\004\075\004\076\004\101\004\102\004\114}{chapter.1}% 5
\BOOKMARK [0][-]{chapter.2}{\376\377\000T\000\040\000T\000a\000u\000r\000i}{}% 6
\BOOKMARK [1][-]{section.2.1}{\376\377\004\027\004\062\004\121\004\067\004\064\004\113\000\040\004\102\004\070\004\077\004\060\000\040\004\042\000\040\004\042\004\065\004\073\004\114\004\106\004\060}{chapter.2}% 7
\BOOKMARK [1][-]{section.2.2}{\376\377\004\041\004\077\004\065\004\072\004\102\004\100\004\060\004\073\004\114\004\075\004\113\004\065\000\040\004\076\004\101\004\076\004\061\004\065\004\075\004\075\004\076\004\101\004\102\004\070}{chapter.2}% 8
\BOOKMARK [1][-]{section.2.3}{\376\377\004\034\004\065\004\102\004\076\004\064\004\113\000\040\004\077\004\076\004\070\004\101\004\072\004\060}{chapter.2}% 9
\BOOKMARK [0][-]{chapter.3}{\376\377\004\024\004\060\004\075\004\075\004\113\004\065}{}% 10
\BOOKMARK [1][-]{section.3.1}{\376\377\000G\000A\000L\000E\000X}{chapter.3}% 11
\BOOKMARK [1][-]{section.3.2}{\376\377\004\032\004\100\004\076\004\101\004\101\000-\004\070\004\064\004\065\004\075\004\102\004\070\004\104\004\070\004\072\004\060\004\106\004\070\004\117\000\040\004\101\000\040\0002\000M\000A\000S\000S\000\040\004\070\000\040\000U\000C\000A\000C\0004}{chapter.3}% 12
\BOOKMARK [1][-]{section.3.3}{\376\377\004\030\004\101\004\077\004\076\004\073\004\114\004\067\004\103\004\065\004\074\004\113\004\065\000\040\004\070\004\075\004\101\004\102\004\100\004\103\004\074\004\065\004\075\004\102\004\113}{chapter.3}% 13
\BOOKMARK [0][-]{chapter.4}{\376\377\004\036\004\102\004\061\004\076\004\100}{}% 14
\BOOKMARK [1][-]{section.4.1}{\376\377\004\055\004\102\004\060\004\073\004\076\004\075\004\075\004\060\004\117\000\040\004\062\004\113\004\061\004\076\004\100\004\072\004\060}{chapter.4}% 15
\BOOKMARK [1][-]{section.4.2}{\376\377\004\046\004\062\004\065\004\102\004\076\004\062\004\113\004\065\000\040\004\064\004\070\004\060\004\063\004\100\004\060\004\074\004\074\004\113}{chapter.4}% 16
\BOOKMARK [1][-]{section.4.3}{\376\377\004\032\004\100\004\070\004\102\004\065\004\100\004\070\004\070\000\040\004\076\004\102\004\061\004\076\004\100\004\060}{chapter.4}% 17
\BOOKMARK [1][-]{section.4.4}{\376\377\004\040\004\065\004\067\004\103\004\073\004\114\004\102\004\060\004\102}{chapter.4}% 18
\BOOKMARK [1][-]{section.4.5}{\376\377\004\020\004\064\004\065\004\072\004\062\004\060\004\102\004\075\004\076\004\101\004\102\004\114\000\040\004\072\004\100\004\070\004\102\004\065\004\100\004\070\004\065\004\062}{chapter.4}% 19
\BOOKMARK [0][-]{chapter.5}{\376\377\004\043\004\073\004\103\004\107\004\110\004\065\004\075\004\070\004\065\000\040\004\101\004\077\004\070\004\101\004\072\004\060}{}% 20
\BOOKMARK [1][-]{section.5.1}{\376\377\004\043\004\064\004\060\004\073\004\065\004\075\004\070\004\065\000\040\004\070\004\101\004\102\004\076\004\107\004\075\004\070\004\072\004\076\004\062\000\040\004\070\004\067\004\062\004\065\004\101\004\102\004\075\004\076\004\063\004\076\000\040\004\102\004\070\004\077\004\060}{chapter.5}% 21
\BOOKMARK [1][-]{section.5.2}{\376\377\004\037\004\076\004\070\004\101\004\072\000\040\004\063\004\060\004\073\004\060\004\072\004\102\004\070\004\072\000\040\004\077\004\076\000\040\004\101\004\076\004\061\004\101\004\102\004\062\004\065\004\075\004\075\004\113\004\074\000\040\004\064\004\062\004\070\004\066\004\065\004\075\004\070\004\117\004\074}{chapter.5}% 22
\BOOKMARK [1][-]{section.5.3}{\376\377\004\036\004\106\004\065\004\075\004\072\004\060\000\040\004\115\004\104\004\104\004\065\004\072\004\102\004\070\004\062\004\075\004\113\004\105\000\040\004\102\004\065\004\074\004\077\004\065\004\100\004\060\004\102\004\103\004\100}{chapter.5}% 23
\BOOKMARK [0][-]{chapter.6}{\376\377\004\020\004\075\004\060\004\073\004\070\004\067}{}% 24
\BOOKMARK [1][-]{section.6.1}{\376\377\004\024\004\070\004\060\004\063\004\100\004\060\004\074\004\074\004\113\000\040\004\106\004\062\004\065\004\102\000-\004\070\004\075\004\102\004\065\004\075\004\101\004\070\004\062\004\075\004\076\004\101\004\102\004\114}{chapter.6}% 25
\BOOKMARK [1][-]{section.6.2}{\376\377\004\036\004\106\004\065\004\075\004\072\004\060\000\040\004\077\004\076\004\063\004\073\004\076\004\111\004\065\004\075\004\070\004\117}{chapter.6}% 26
\BOOKMARK [1][-]{section.6.3}{\376\377\004\040\004\060\004\101\004\077\004\076\004\073\004\076\004\066\004\065\004\075\004\070\004\065}{chapter.6}% 27
\BOOKMARK [1][-]{section.6.4}{\376\377\004\032\004\073\004\060\004\101\004\101\004\070\004\107\004\065\004\101\004\072\004\070\004\065\000\040\004\070\000\040\004\101\004\076\000\040\004\101\004\073\004\060\004\061\004\113\004\074\004\070\000\040\004\073\004\070\004\075\004\070\004\117\004\074\004\070}{chapter.6}% 28
\BOOKMARK [0][-]{chapter.7}{\376\377\004\022\004\113\004\062\004\076\004\064\004\113}{}% 29
\BOOKMARK [0][-]{chapter.7}{\376\377\004\033\004\070\004\102\004\065\004\100\004\060\004\102\004\103\004\100\004\060}{}% 30
